<?xml version="1.0" encoding="UTF-8"?>
<testng-results ignored="0" total="1" passed="1" failed="0" skipped="0">
  <reporter-output>
  </reporter-output>
  <suite started-at="2023-10-09T23:03:43 IST" name="Default suite" finished-at="2023-10-09T23:03:50 IST" duration-ms="7279">
    <groups>
    </groups>
    <test started-at="2023-10-09T23:03:43 IST" name="Default test" finished-at="2023-10-09T23:03:50 IST" duration-ms="7279">
      <class name="SeleniumProject.SeleniumProject.BankingTest">
        <test-method is-config="true" signature="beforeTest()[pri:0, instance:null(SeleniumProject.SeleniumProject.BankingTest)]" started-at="2023-10-09T23:03:43 IST" name="beforeTest" finished-at="2023-10-09T23:03:43 IST" duration-ms="21" status="PASS">
          <reporter-output>
          </reporter-output>
        </test-method> <!-- beforeTest -->
        <test-method signature="testGoogle()[pri:0, instance:null(SeleniumProject.SeleniumProject.BankingTest)]" started-at="2023-10-09T23:03:43 IST" name="testGoogle" finished-at="2023-10-09T23:03:50 IST" duration-ms="7204" status="PASS">
          <reporter-output>
          </reporter-output>
        </test-method> <!-- testGoogle -->
        <test-method is-config="true" signature="afterTest()[pri:0, instance:null(SeleniumProject.SeleniumProject.BankingTest)]" started-at="2023-10-09T23:03:50 IST" name="afterTest" finished-at="2023-10-09T23:03:50 IST" duration-ms="1" status="PASS">
          <reporter-output>
          </reporter-output>
        </test-method> <!-- afterTest -->
      </class> <!-- SeleniumProject.SeleniumProject.BankingTest -->
    </test> <!-- Default test -->
  </suite> <!-- Default suite -->
</testng-results>
